<select id="findOne"
        parameterClass="java.lang.String"
        resultMap="resultMap_Todo"> <!-- (3) -->
    SELECT
        *
    FROM
        todo
    WHERE
        todo_id = #todoId#   /* (4) */
</select>
<insert id="insert"
        parameterClass="xxxxxx.yyyyyy.zzzzzz.domain.model.Todo">

    INSERT
        INTO todo
        (
            todo_id
            ,todo_title
            ,finished
            ,created_at
            ,version
        )
        values(
            #todoId#       /* (2) */
            ,#todoTitle#
            ,#finished#
            ,#createdAt#
            ,1
        )

</insert>